********************************************************************************
DUPLICATOR-LITE PACKAGE-LOG: October 20, 2022 2:49 pm
NOTICE: Do NOT post to public sites or forums 
********************************************************************************
VERSION:	1.5.0
WORDPRESS:	6.0.3
PHP INFO:	7.4.30 | SAPI: apache2handler
SERVER:		Apache/2.4.54 (Win64) OpenSSL/1.1.1p PHP/7.4.30 
PHP TIME LIMIT: (0) no time limit imposed 
PHP MAX MEMORY: 4294967296 (512M default) 
MEMORY STACK: 10MB

********************************************************************************
DATABASE:
********************************************************************************
BUILD MODE:   MYSQLDUMP
MYSQLTIMEOUT: 5000
MYSQLDUMP:    Is Supported
SQL CREATED: 20221020_binaantarbudaya_8bcf869e32e7ce6a7137_20221020144901_database.sql
SQL FILE SIZE: 12.99MB (13618418)
SQL FILE TIME: 2022-10-20 14:50:02
SQL RUNTIME: 30.49 sec.

********************************************************************************
ARCHIVE (ZIP):
********************************************************************************
ARCHIVE DIR:  D:/XAMPP_new/htdocs/belajar/wordpress
ARCHIVE FILE: 20221020_binaantarbudaya_8bcf869e32e7ce6a7137_20221020144901_archive.zip
FILTERS: *OFF*
DIRS:
	not set
FILES:
	not set
EXTS:  not set
----------------------------------------
COMPRESSING
SIZE:	160.79MB
STATS:	Dirs 1,396 | Files 7,001
SQL ADDED: 20221020_binaantarbudaya_8bcf869e32e7ce6a7137_20221020144901_database.sql
ZipArchive Object
(
    [status] => 0
    [statusSys] => 0
    [numFiles] => 8397
    [filename] => D:\XAMPP_new\htdocs\belajar\wordpress\wp-content\backups-dup-lite\tmp\20221020_binaantarbudaya_8bcf869e32e7ce6a7137_20221020144901_archive.zip
    [comment] => 
)

FILE ADDED TO ZIP: 8396
COMPRESSION RESULT: '1'
COMPRESSED SIZE: 64.01MB
ARCHIVE RUNTIME: 148.61 sec.
MEMORY STACK: 12MB
building installer
ARCHIVE CONSISTENCY TEST: PASS

********************************************************************************
INTEGRITY CHECKS:
********************************************************************************
SQL FILE: 12.99MB
INSTALLER FILE: 73.36KB
ARCHIVE FILE: 65.88MB 
EXPECTED FILE/DIRECTORY COUNT: 8,397
ACTUAL FILE/DIRECTORY COUNT: 8,396
ARCHIVE CONSISTENCY TEST: Pass

********************************************************************************
RECORD ID:[1]
TOTAL PROCESS RUNTIME: 182.19 sec.
PEAK PHP MEMORY USED: 14MB
DONE PROCESSING => 20221020_binaantarbudaya October 20, 2022 2:52 pm

